storeFinder/build/outputs/logs/manifest-merger-debug-report.txt
-- Merging decision tree log ---
manifest
ADDED from src/main/AndroidManifest.xml:2:1-105:12
	package
		ADDED from src/main/AndroidManifest.xml:3:5-39
		INJECTED from src/main/AndroidManifest.xml
		INJECTED from src/main/AndroidManifest.xml
	android:versionName
		ADDED from src/main/AndroidManifest.xml:5:5-30
		INJECTED from src/main/AndroidManifest.xml
		INJECTED from src/main/AndroidManifest.xml
	android:versionCode
		ADDED from src/main/AndroidManifest.xml:4:5-28
		INJECTED from src/main/AndroidManifest.xml
		INJECTED from src/main/AndroidManifest.xml
	xmlns:android
		ADDED from src/main/AndroidManifest.xml:2:11-69
uses-sdk
ADDED from src/main/AndroidManifest.xml:6:5-9:41
MERGED from [StoreFinder:facebookSDK:unspecified] AndroidManifest.xml:20:5-22:40
MERGED from [com.google.android.gms:play-services:5.0.89] AndroidManifest.xml:15:5-42
	android:maxSdkVersion
		ADDED from src/main/AndroidManifest.xml:7:9-35
	android:targetSdkVersion
		ADDED from src/main/AndroidManifest.xml:9:9-38
		INJECTED from src/main/AndroidManifest.xml
		INJECTED from src/main/AndroidManifest.xml
	android:minSdkVersion
		ADDED from src/main/AndroidManifest.xml:8:9-35
		INJECTED from src/main/AndroidManifest.xml
		INJECTED from src/main/AndroidManifest.xml
supports-screens
ADDED from src/main/AndroidManifest.xml:11:5-16:24
	android:largeScreens
		ADDED from src/main/AndroidManifest.xml:12:9-36
	android:smallScreens
		ADDED from src/main/AndroidManifest.xml:14:9-36
	android:normalScreens
		ADDED from src/main/AndroidManifest.xml:13:9-37
	android:xlargeScreens
		ADDED from src/main/AndroidManifest.xml:15:9-37
uses-feature#android.hardware.telephony
ADDED from src/main/AndroidManifest.xml:18:5-88
	android:required
		ADDED from src/main/AndroidManifest.xml:18:61-85
	android:name
		ADDED from src/main/AndroidManifest.xml:18:19-60
uses-permission#android.permission.INTERNET
ADDED from src/main/AndroidManifest.xml:20:5-66
	android:name
		ADDED from src/main/AndroidManifest.xml:20:22-64
uses-permission#android.permission.ACCESS_NETWORK_STATE
ADDED from src/main/AndroidManifest.xml:21:2-76
	android:name
		ADDED from src/main/AndroidManifest.xml:21:19-73
uses-permission#android.permission.WRITE_EXTERNAL_STORAGE
ADDED from src/main/AndroidManifest.xml:22:2-78
	android:name
		ADDED from src/main/AndroidManifest.xml:22:19-75
uses-permission#com.google.android.providers.gsf.permission.READ_GSERVICES
ADDED from src/main/AndroidManifest.xml:23:2-95
	android:name
		ADDED from src/main/AndroidManifest.xml:23:19-92
uses-permission#android.permission.ACCESS_COARSE_LOCATION
ADDED from src/main/AndroidManifest.xml:24:2-78
	android:name
		ADDED from src/main/AndroidManifest.xml:24:19-75
uses-permission#android.permission.ACCESS_FINE_LOCATION
ADDED from src/main/AndroidManifest.xml:25:2-76
	android:name
		ADDED from src/main/AndroidManifest.xml:25:19-73
uses-permission#android.permission.CALL_PHONE
ADDED from src/main/AndroidManifest.xml:26:2-66
	android:name
		ADDED from src/main/AndroidManifest.xml:26:19-63
application
ADDED from src/main/AndroidManifest.xml:28:5-103:19
MERGED from [StoreFinder:facebookSDK:unspecified] AndroidManifest.xml:24:5-20
MERGED from [com.google.android.gms:play-services:5.0.89] AndroidManifest.xml:16:5-19
	android:label
		ADDED from src/main/AndroidManifest.xml:33:9-41
	android:hardwareAccelerated
		ADDED from src/main/AndroidManifest.xml:30:9-44
	android:allowBackup
		ADDED from src/main/AndroidManifest.xml:31:9-35
	android:icon
		ADDED from src/main/AndroidManifest.xml:32:9-45
	android:largeHeap
		ADDED from src/main/AndroidManifest.xml:29:9-33
	android:theme
		ADDED from src/main/AndroidManifest.xml:34:9-40
activity#com.projects.storefinder.MainActivity
ADDED from src/main/AndroidManifest.xml:35:9-43:20
	android:screenOrientation
		ADDED from src/main/AndroidManifest.xml:36:13-55
	android:label
		ADDED from src/main/AndroidManifest.xml:38:13-45
	android:name
		ADDED from src/main/AndroidManifest.xml:37:13-65
intent-filter#android.intent.action.MAIN+android.intent.category.LAUNCHER
ADDED from src/main/AndroidManifest.xml:39:13-42:29
action#android.intent.action.MAIN
ADDED from src/main/AndroidManifest.xml:40:17-69
	android:name
		ADDED from src/main/AndroidManifest.xml:40:25-66
category#android.intent.category.LAUNCHER
ADDED from src/main/AndroidManifest.xml:41:17-77
	android:name
		ADDED from src/main/AndroidManifest.xml:41:27-74
activity#com.projects.activities.ProfileActivity
ADDED from src/main/AndroidManifest.xml:45:9-47:48
	android:label
		ADDED from src/main/AndroidManifest.xml:47:13-45
	android:windowSoftInputMode
		ADDED from src/main/AndroidManifest.xml:46:13-67
	android:name
		ADDED from src/main/AndroidManifest.xml:45:19-73
activity#com.projects.activities.RegisterActivity
ADDED from src/main/AndroidManifest.xml:49:9-51:48
	android:label
		ADDED from src/main/AndroidManifest.xml:51:13-45
	android:windowSoftInputMode
		ADDED from src/main/AndroidManifest.xml:50:13-67
	android:name
		ADDED from src/main/AndroidManifest.xml:49:19-74
activity#com.projects.activities.LoginActivity
ADDED from src/main/AndroidManifest.xml:53:9-55:48
	android:label
		ADDED from src/main/AndroidManifest.xml:55:13-45
	android:windowSoftInputMode
		ADDED from src/main/AndroidManifest.xml:54:13-67
	android:name
		ADDED from src/main/AndroidManifest.xml:53:19-71
activity#com.projects.activities.DetailActivity
ADDED from src/main/AndroidManifest.xml:57:9-58:48
	android:label
		ADDED from src/main/AndroidManifest.xml:58:13-45
	android:name
		ADDED from src/main/AndroidManifest.xml:57:19-72
activity#com.projects.activities.ReviewActivity
ADDED from src/main/AndroidManifest.xml:60:9-61:48
	android:label
		ADDED from src/main/AndroidManifest.xml:61:13-45
	android:name
		ADDED from src/main/AndroidManifest.xml:60:19-72
activity#com.projects.activities.NewReviewActivity
ADDED from src/main/AndroidManifest.xml:63:9-65:48
	android:label
		ADDED from src/main/AndroidManifest.xml:65:13-45
	android:windowSoftInputMode
		ADDED from src/main/AndroidManifest.xml:64:13-67
	android:name
		ADDED from src/main/AndroidManifest.xml:63:19-75
activity#com.projects.activities.ImageViewerActivity
ADDED from src/main/AndroidManifest.xml:67:9-68:48
	android:label
		ADDED from src/main/AndroidManifest.xml:68:13-45
	android:name
		ADDED from src/main/AndroidManifest.xml:67:19-77
activity#com.projects.activities.NewsDetailActivity
ADDED from src/main/AndroidManifest.xml:70:9-71:48
	android:label
		ADDED from src/main/AndroidManifest.xml:71:13-45
	android:name
		ADDED from src/main/AndroidManifest.xml:70:19-76
activity#com.projects.activities.StoreActivity
ADDED from src/main/AndroidManifest.xml:73:9-74:48
	android:label
		ADDED from src/main/AndroidManifest.xml:74:13-45
	android:name
		ADDED from src/main/AndroidManifest.xml:73:19-71
activity#com.projects.activities.SearchResultActivity
ADDED from src/main/AndroidManifest.xml:76:9-77:48
	android:label
		ADDED from src/main/AndroidManifest.xml:77:13-45
	android:name
		ADDED from src/main/AndroidManifest.xml:76:19-78
activity#com.google.android.gms.ads.AdActivity
ADDED from src/main/AndroidManifest.xml:79:9-80:124
	android:configChanges
		ADDED from src/main/AndroidManifest.xml:80:13-122
	android:name
		ADDED from src/main/AndroidManifest.xml:79:19-71
meta-data#com.google.android.maps.v2.API_KEY
ADDED from src/main/AndroidManifest.xml:82:9-84:66
	android:value
		ADDED from src/main/AndroidManifest.xml:84:7-63
	android:name
		ADDED from src/main/AndroidManifest.xml:83:7-56
meta-data#com.google.android.gms.version
ADDED from src/main/AndroidManifest.xml:86:9-87:71
	android:value
		ADDED from src/main/AndroidManifest.xml:87:16-69
	android:name
		ADDED from src/main/AndroidManifest.xml:86:20-65
activity#com.facebook.LoginActivity
ADDED from src/main/AndroidManifest.xml:89:9-91:54
	android:label
		ADDED from src/main/AndroidManifest.xml:91:19-51
	android:theme
		ADDED from src/main/AndroidManifest.xml:90:19-78
	android:name
		ADDED from src/main/AndroidManifest.xml:89:19-60
meta-data#com.facebook.sdk.ApplicationId
ADDED from src/main/AndroidManifest.xml:93:9-98
	android:value
		ADDED from src/main/AndroidManifest.xml:93:66-96
	android:name
		ADDED from src/main/AndroidManifest.xml:93:20-65
provider#com.facebook.NativeAppCallContentProvider
ADDED from src/main/AndroidManifest.xml:94:9-96:44
	android:authorities
		ADDED from src/main/AndroidManifest.xml:94:19-101
	android:exported
		ADDED from src/main/AndroidManifest.xml:96:19-42
	android:name
		ADDED from src/main/AndroidManifest.xml:95:19-75
receiver#com.libraries.receiver.StoreFinderBroadcastReceiver
ADDED from src/main/AndroidManifest.xml:97:9-101:20
	android:name
		ADDED from src/main/AndroidManifest.xml:97:19-85
intent-filter#com.facebook.platform.AppCallResultBroadcast
ADDED from src/main/AndroidManifest.xml:98:13-100:29
action#com.facebook.platform.AppCallResultBroadcast
ADDED from src/main/AndroidManifest.xml:99:17-87
	android:name
		ADDED from src/main/AndroidManifest.xml:99:25-84